<?xml version="1.0" encoding="UTF-8"?>
<testsuite failures="0" skip="0" tests="1" name="Acceptance" errors="0">
<testcase classname="Acceptance.Gherkin" name="Looking for the bus time" time="12">
</testcase>
</testsuite>
